<?xml version="1.0" encoding="UTF-8"?>
<!-- Generated by org.testng.reporters.JUnitReportReporter -->
<testsuite skipped="0" hostname="Biplobs-MBP.cable.rcn.com" name="com.biplob.testcases.TestRegister" tests="1" failures="0" timestamp="04 Oct 2020 02:32:41 GMT" time="5.802" errors="0">
  <testcase name="register" time="5.802" classname="com.biplob.testcases.TestRegister"/>
</testsuite> <!-- com.biplob.testcases.TestRegister -->
