<?xml version="1.0" encoding="UTF-8"?>
<!-- Generated by org.testng.reporters.JUnitReportReporter -->
<testsuite skipped="0" hostname="Biplobs-MBP.cable.rcn.com" name="com.biplob.testcases.TestLogIn" tests="1" failures="0" timestamp="19 Oct 2020 01:30:27 GMT" time="2.819" errors="0">
  <testcase name="login" time="2.819" classname="com.biplob.testcases.TestLogIn"/>
</testsuite> <!-- com.biplob.testcases.TestLogIn -->
